<?xml version="1.0" encoding="UTF-8"?>
<!-- Generated by org.testng.reporters.JUnitReportReporter -->
<testsuite hostname="DESKTOP-0A868LS" name="scholarshipTest.SmokeTest" tests="1" failures="0" timestamp="5 Dec 2016 07:22:39 GMT" time="3.242" errors="0">
  <testcase name="test_Home_Page_Appear_Correct" time="3.242" classname="scholarshipTest.SmokeTest"/>
</testsuite> <!-- scholarshipTest.SmokeTest -->
